c:\users\pligt\desktop\thonk-master\tf2\release\vc142.pdb
c:\users\pligt\desktop\thonk-master\tf2\release\setup.obj
c:\users\pligt\desktop\thonk-master\tf2\release\vars.obj
c:\users\pligt\desktop\thonk-master\tf2\release\menu.obj
c:\users\pligt\desktop\thonk-master\tf2\release\main.obj
c:\users\pligt\desktop\thonk-master\tf2\release\interfaces.obj
c:\users\pligt\desktop\thonk-master\tf2\release\hooks.obj
c:\users\pligt\desktop\thonk-master\tf2\release\global.obj
c:\users\pligt\desktop\thonk-master\tf2\release\fonts.obj
c:\users\pligt\desktop\thonk-master\tf2\release\draw.obj
c:\users\pligt\desktop\thonk-master\tf2\release\movement_recorder.obj
c:\users\pligt\desktop\thonk-master\tf2\release\console.obj
c:\users\pligt\desktop\thonk-master\release\dll.dll
c:\users\pligt\desktop\thonk-master\release\dll.ipdb
c:\users\pligt\desktop\thonk-master\release\dll.iobj
c:\users\pligt\desktop\thonk-master\tf2\release\tf2.tlog\cl.command.1.tlog
c:\users\pligt\desktop\thonk-master\tf2\release\tf2.tlog\cl.read.1.tlog
c:\users\pligt\desktop\thonk-master\tf2\release\tf2.tlog\cl.write.1.tlog
c:\users\pligt\desktop\thonk-master\tf2\release\tf2.tlog\link.command.1.tlog
c:\users\pligt\desktop\thonk-master\tf2\release\tf2.tlog\link.read.1.tlog
c:\users\pligt\desktop\thonk-master\tf2\release\tf2.tlog\link.write.1.tlog
c:\users\pligt\desktop\thonk-master\tf2\release\tf2.tlog\tf2.write.1u.tlog
